== dataset selftest ==
[dataset] warning: using raw training config; full resolver unavailable (No module named 'astropy')
[dataset] warning: using raw training config; full resolver unavailable (No module named 'astropy')
[dataset.selftest] batch shapes: (8, 96, 256, 1) (8, 96, 256, 1)
[dataset.selftest] x mean/std: 0.089906216 1.0401156
[dataset.selftest] y unique: [0 1]
[dataset.selftest] OK
== training ==
[train] warning: using raw training config; full resolver unavailable (No module named 'astropy')
[dataset] warning: using raw training config; full resolver unavailable (No module named 'astropy')
[dataset] warning: using raw training config; full resolver unavailable (No module named 'astropy')
[dataset] warning: using raw training config; full resolver unavailable (No module named 'astropy')
[dataset] warning: using raw training config; full resolver unavailable (No module named 'astropy')
[progress] epoch 1, loss=0.0785, pr_auc=0.0072, precision=0.0040, recall=0.0113, val_loss=0.0303, val_pr_auc=0.2236, val_precision=0.4361, val_recall=0.0311
[progress] epoch 2, loss=0.0117, pr_auc=0.2857, precision=0.5855, recall=0.0285, val_loss=0.0177, val_pr_auc=0.3090, val_precision=0.5343, val_recall=0.0904
[progress] epoch 3, loss=0.0084, pr_auc=0.3387, precision=0.6097, recall=0.1142, val_loss=0.0156, val_pr_auc=0.4083, val_precision=0.7274, val_recall=0.0936
[progress] epoch 4, loss=0.0083, pr_auc=0.3687, precision=0.6207, recall=0.1718, val_loss=0.0160, val_pr_auc=0.3573, val_precision=0.7316, val_recall=0.1241
[progress] epoch 5, loss=0.0074, pr_auc=0.3880, precision=0.6291, recall=0.1908, val_loss=0.0163, val_pr_auc=0.3945, val_precision=0.8016, val_recall=0.0821
[progress] epoch 6, loss=0.0075, pr_auc=0.4050, precision=0.6347, recall=0.2104, val_loss=0.0154, val_pr_auc=0.4053, val_precision=0.7430, val_recall=0.1376
[progress] epoch 7, loss=0.0073, pr_auc=0.4123, precision=0.6303, recall=0.2181, val_loss=0.0149, val_pr_auc=0.4306, val_precision=0.7037, val_recall=0.1906
[progress] epoch 8, loss=0.0072, pr_auc=0.4251, precision=0.6436, recall=0.2262, val_loss=0.0156, val_pr_auc=0.4161, val_precision=0.6773, val_recall=0.1223
[progress] epoch 9, loss=0.0064, pr_auc=0.4761, precision=0.6630, recall=0.2817, val_loss=0.0140, val_pr_auc=0.4562, val_precision=0.7589, val_recall=0.1699
[progress] epoch 10, loss=0.0066, pr_auc=0.5008, precision=0.6783, recall=0.3209, val_loss=0.0180, val_pr_auc=0.3543, val_precision=0.8221, val_recall=0.0815
[progress] epoch 11, loss=0.0064, pr_auc=0.5107, precision=0.6804, recall=0.3280, val_loss=0.0158, val_pr_auc=0.4442, val_precision=0.7402, val_recall=0.0927
[progress] epoch 12, loss=0.0064, pr_auc=0.5216, precision=0.6865, recall=0.3378, val_loss=0.0157, val_pr_auc=0.4401, val_precision=0.7035, val_recall=0.2501
[progress] epoch 13, loss=0.0063, pr_auc=0.5322, precision=0.6925, recall=0.3456, val_loss=0.0143, val_pr_auc=0.4428, val_precision=0.5503, val_recall=0.3893
[progress] epoch 14, loss=0.0061, pr_auc=0.5357, precision=0.6928, recall=0.3463, val_loss=0.0133, val_pr_auc=0.5029, val_precision=0.7276, val_recall=0.2702
[progress] epoch 15, loss=0.0059, pr_auc=0.5443, precision=0.6987, recall=0.3588, val_loss=0.0138, val_pr_auc=0.4708, val_precision=0.6111, val_recall=0.3434
[progress] epoch 16, loss=0.0060, pr_auc=0.5525, precision=0.7089, recall=0.3681, val_loss=0.0134, val_pr_auc=0.4950, val_precision=0.6718, val_recall=0.3220
[progress] epoch 17, loss=0.0059, pr_auc=0.5551, precision=0.6986, recall=0.3694, val_loss=0.0140, val_pr_auc=0.5104, val_precision=0.7720, val_recall=0.1717
[progress] epoch 18, loss=0.0060, pr_auc=0.5636, precision=0.7057, recall=0.3751, val_loss=0.0149, val_pr_auc=0.4591, val_precision=0.7665, val_recall=0.0959
[progress] epoch 19, loss=0.0057, pr_auc=0.5755, precision=0.7102, recall=0.3866, val_loss=0.0129, val_pr_auc=0.5233, val_precision=0.7181, val_recall=0.2975
[progress] epoch 20, loss=0.0057, pr_auc=0.5730, precision=0.7042, recall=0.3849, val_loss=0.0148, val_pr_auc=0.4699, val_precision=0.7050, val_recall=0.2274
[progress] epoch 21, loss=0.0055, pr_auc=0.5840, precision=0.7169, recall=0.3995, val_loss=0.0154, val_pr_auc=0.4837, val_precision=0.7774, val_recall=0.1771
[progress] epoch 22, loss=0.0056, pr_auc=0.5911, precision=0.7150, recall=0.4116, val_loss=0.0137, val_pr_auc=0.5263, val_precision=0.7663, val_recall=0.2592
[progress] epoch 23, loss=0.0057, pr_auc=0.5996, precision=0.7214, recall=0.4160, val_loss=0.0141, val_pr_auc=0.5148, val_precision=0.7964, val_recall=0.2107
[progress] epoch 24, loss=0.0054, pr_auc=0.6041, precision=0.7205, recall=0.4151, val_loss=0.0137, val_pr_auc=0.4769, val_precision=0.6282, val_recall=0.3351
[progress] epoch 25, loss=0.0054, pr_auc=0.6134, precision=0.7271, recall=0.4304, val_loss=0.0135, val_pr_auc=0.5159, val_precision=0.6697, val_recall=0.3465
[progress] epoch 26, loss=0.0054, pr_auc=0.6031, precision=0.7176, recall=0.4189, val_loss=0.0140, val_pr_auc=0.4964, val_precision=0.7572, val_recall=0.2124
[progress] epoch 27, loss=0.0052, pr_auc=0.6241, precision=0.7309, recall=0.4383, val_loss=0.0122, val_pr_auc=0.5362, val_precision=0.6876, val_recall=0.3544
[progress] epoch 28, loss=0.0052, pr_auc=0.6300, precision=0.7281, recall=0.4497, val_loss=0.0132, val_pr_auc=0.5058, val_precision=0.6830, val_recall=0.3110
[progress] epoch 29, loss=0.0053, pr_auc=0.6296, precision=0.7382, recall=0.4469, val_loss=0.0128, val_pr_auc=0.5360, val_precision=0.7064, val_recall=0.3186
[progress] epoch 30, loss=0.0053, pr_auc=0.6362, precision=0.7324, recall=0.4505, val_loss=0.0172, val_pr_auc=0.4667, val_precision=0.7498, val_recall=0.1981
[progress] epoch 31, loss=0.0051, pr_auc=0.6401, precision=0.7378, recall=0.4585, val_loss=0.0145, val_pr_auc=0.4647, val_precision=0.7319, val_recall=0.1920
[progress] epoch 32, loss=0.0049, pr_auc=0.6500, precision=0.7370, recall=0.4680, val_loss=0.0153, val_pr_auc=0.4732, val_precision=0.7224, val_recall=0.2242
[progress] epoch 33, loss=0.0051, pr_auc=0.6530, precision=0.7450, recall=0.4689, val_loss=0.0148, val_pr_auc=0.4422, val_precision=0.6196, val_recall=0.2835
[progress] epoch 34, loss=0.0046, pr_auc=0.6809, precision=0.7490, recall=0.5033, val_loss=0.0153, val_pr_auc=0.4936, val_precision=0.7009, val_recall=0.2740
[progress] epoch 35, loss=0.0047, pr_auc=0.6927, precision=0.7638, recall=0.5139, val_loss=0.0155, val_pr_auc=0.4718, val_precision=0.7457, val_recall=0.1933
[progress] epoch 36, loss=0.0047, pr_auc=0.6881, precision=0.7599, recall=0.5046, val_loss=0.0155, val_pr_auc=0.4806, val_precision=0.7107, val_recall=0.2531
[progress] epoch 37, loss=0.0046, pr_auc=0.6968, precision=0.7654, recall=0.5155, val_loss=0.0152, val_pr_auc=0.4843, val_precision=0.6961, val_recall=0.2815
[progress] epoch 38, loss=0.0044, pr_auc=0.7068, precision=0.7606, recall=0.5311, val_loss=0.0159, val_pr_auc=0.4617, val_precision=0.6969, val_recall=0.2510
[progress] epoch 39, loss=0.0044, pr_auc=0.7210, precision=0.7770, recall=0.5508, val_loss=0.0153, val_pr_auc=0.4730, val_precision=0.6649, val_recall=0.2987
[done] saved best/last to runs/pv_unet_overnight_20260520_015732
== outputs ==
  - best model: runs/pv_unet_overnight_20260520_015732/best_model.keras
  - final model: runs/pv_unet_overnight_20260520_015732/final_model.keras
  - logs: runs/pv_unet_overnight_20260520_015732/history.csv
